  Jump1.cpp
  Generating Code...
  Compiling...
  TopSpeeder.cpp
  TopSlower.cpp
  TopGrass.cpp
  TopBlocker.cpp
  SuperJump.cpp
  Source.cpp
  Scorer.cpp
  Obstalces.cpp
  Motorist.cpp
  HudOverlay.cpp
  Crowd.cpp
d:\school\bart-project\clonebike\clonebike\background.h(35): error C2143: syntax error : missing ';' before '*'
d:\school\bart-project\clonebike\clonebike\background.h(35): error C4430: missing type specifier - int assumed. Note: C++ does not support default-int
d:\school\bart-project\clonebike\clonebike\crowd.cpp(11): warning C4244: 'argument' : conversion from 'float' to 'int', possible loss of data
d:\school\bart-project\clonebike\clonebike\crowd.cpp(26): warning C4244: 'argument' : conversion from 'float' to 'int', possible loss of data
  BotSpeeder.cpp
  BotSlower.cpp
  BotGrass.cpp
  BotBlocker.cpp
  BasicG.cpp
d:\school\bart-project\clonebike\clonebike\background.h(34): error C2143: syntax error : missing ';' before '*'
d:\school\bart-project\clonebike\clonebike\background.h(34): error C4430: missing type specifier - int assumed. Note: C++ does not support default-int
d:\school\bart-project\clonebike\clonebike\basicg.cpp(26): warning C4244: 'argument' : conversion from 'float' to 'int', possible loss of data
  Background.cpp
  AllGrass.cpp
  Generating Code...
